
  .   ____          _            __ _ _
 /\\ / ___'_ __ _ _(_)_ __  __ _ \ \ \ \
( ( )\___ | '_ | '_| | '_ \/ _` | \ \ \ \
 \\/  ___)| |_)| | | | | || (_| |  ) ) ) )
  '  |____| .__|_| |_|_| |_\__, | / / / /
 =========|_|==============|___/=/_/_/_/

 :: Spring Boot ::                (v3.4.3)

2026-05-17T00:46:47.150+04:00  INFO 32048 --- [testup-backend] [           main] az.testup.TestupApplication              : Starting TestupApplication using Java 21.0.8 with PID 32048 (C:\Users\serxa\OneDrive\Desktop\Projects\testup.az\backend\target\classes started by SarKhan in C:\Users\serxa\OneDrive\Desktop\Projects\testup.az\backend)
2026-05-17T00:46:47.152+04:00  INFO 32048 --- [testup-backend] [           main] az.testup.TestupApplication              : No active profile set, falling back to 1 default profile: "default"
2026-05-17T00:46:48.402+04:00  INFO 32048 --- [testup-backend] [           main] .s.d.r.c.RepositoryConfigurationDelegate : Multiple Spring Data modules found, entering strict repository configuration mode
2026-05-17T00:46:48.404+04:00  INFO 32048 --- [testup-backend] [           main] .s.d.r.c.RepositoryConfigurationDelegate : Bootstrapping Spring Data JPA repositories in DEFAULT mode.
2026-05-17T00:46:48.650+04:00  INFO 32048 --- [testup-backend] [           main] .s.d.r.c.RepositoryConfigurationDelegate : Finished Spring Data repository scanning in 237 ms. Found 28 JPA repository interfaces.
2026-05-17T00:46:48.674+04:00  INFO 32048 --- [testup-backend] [           main] .s.d.r.c.RepositoryConfigurationDelegate : Multiple Spring Data modules found, entering strict repository configuration mode
2026-05-17T00:46:48.674+04:00  INFO 32048 --- [testup-backend] [           main] .s.d.r.c.RepositoryConfigurationDelegate : Bootstrapping Spring Data Redis repositories in DEFAULT mode.
2026-05-17T00:46:48.694+04:00  INFO 32048 --- [testup-backend] [           main] .RepositoryConfigurationExtensionSupport : Spring Data Redis - Could not safely identify store assignment for repository candidate interface az.testup.repository.AnswerRepository; If you want this repository to be a Redis repository, consider annotating your entities with one of these annotations: org.springframework.data.redis.core.RedisHash (preferred), or consider extending one of the following types with your repository: org.springframework.data.keyvalue.repository.KeyValueRepository
2026-05-17T00:46:48.696+04:00  INFO 32048 --- [testup-backend] [           main] .RepositoryConfigurationExtensionSupport : Spring Data Redis - Could not safely identify store assignment for repository candidate interface az.testup.repository.AuditLogRepository; If you want this repository to be a Redis repository, consider annotating your entities with one of these annotations: org.springframework.data.redis.core.RedisHash (preferred), or consider extending one of the following types with your repository: org.springframework.data.keyvalue.repository.KeyValueRepository
2026-05-17T00:46:48.697+04:00  INFO 32048 --- [testup-backend] [           main] .RepositoryConfigurationExtensionSupport : Spring Data Redis - Could not safely identify store assignment for repository candidate interface az.testup.repository.BankQuestionRepository; If you want this repository to be a Redis repository, consider annotating your entities with one of these annotations: org.springframework.data.redis.core.RedisHash (preferred), or consider extending one of the following types with your repository: org.springframework.data.keyvalue.repository.KeyValueRepository
2026-05-17T00:46:48.698+04:00  INFO 32048 --- [testup-backend] [           main] .RepositoryConfigurationExtensionSupport : Spring Data Redis - Could not safely identify store assignment for repository candidate interface az.testup.repository.BankSubjectRepository; If you want this repository to be a Redis repository, consider annotating your entities with one of these annotations: org.springframework.data.redis.core.RedisHash (preferred), or consider extending one of the following types with your repository: org.springframework.data.keyvalue.repository.KeyValueRepository
2026-05-17T00:46:48.698+04:00  INFO 32048 --- [testup-backend] [           main] .RepositoryConfigurationExtensionSupport : Spring Data Redis - Could not safely identify store assignment for repository candidate interface az.testup.repository.BannerRepository; If you want this repository to be a Redis repository, consider annotating your entities with one of these annotations: org.springframework.data.redis.core.RedisHash (preferred), or consider extending one of the following types with your repository: org.springframework.data.keyvalue.repository.KeyValueRepository
2026-05-17T00:46:48.700+04:00  INFO 32048 --- [testup-backend] [           main] .RepositoryConfigurationExtensionSupport : Spring Data Redis - Could not safely identify store assignment for repository candidate interface az.testup.repository.ContactMessageRepository; If you want this repository to be a Redis repository, consider annotating your entities with one of these annotations: org.springframework.data.redis.core.RedisHash (preferred), or consider extending one of the following types with your repository: org.springframework.data.keyvalue.repository.KeyValueRepository
2026-05-17T00:46:48.700+04:00  INFO 32048 --- [testup-backend] [           main] .RepositoryConfigurationExtensionSupport : Spring Data Redis - Could not safely identify store assignment for repository candidate interface az.testup.repository.ExamAccessCodeRepository; If you want this repository to be a Redis repository, consider annotating your entities with one of these annotations: org.springframework.data.redis.core.RedisHash (preferred), or consider extending one of the following types with your repository: org.springframework.data.keyvalue.repository.KeyValueRepository
2026-05-17T00:46:48.702+04:00  INFO 32048 --- [testup-backend] [           main] .RepositoryConfigurationExtensionSupport : Spring Data Redis - Could not safely identify store assignment for repository candidate interface az.testup.repository.ExamCollaboratorRepository; If you want this repository to be a Redis repository, consider annotating your entities with one of these annotations: org.springframework.data.redis.core.RedisHash (preferred), or consider extending one of the following types with your repository: org.springframework.data.keyvalue.repository.KeyValueRepository
2026-05-17T00:46:48.704+04:00  INFO 32048 --- [testup-backend] [           main] .RepositoryConfigurationExtensionSupport : Spring Data Redis - Could not safely identify store assignment for repository candidate interface az.testup.repository.ExamPurchaseRepository; If you want this repository to be a Redis repository, consider annotating your entities with one of these annotations: org.springframework.data.redis.core.RedisHash (preferred), or consider extending one of the following types with your repository: org.springframework.data.keyvalue.repository.KeyValueRepository
2026-05-17T00:46:48.704+04:00  INFO 32048 --- [testup-backend] [           main] .RepositoryConfigurationExtensionSupport : Spring Data Redis - Could not safely identify store assignment for repository candidate interface az.testup.repository.ExamRepository; If you want this repository to be a Redis repository, consider annotating your entities with one of these annotations: org.springframework.data.redis.core.RedisHash (preferred), or consider extending one of the following types with your repository: org.springframework.data.keyvalue.repository.KeyValueRepository
2026-05-17T00:46:48.705+04:00  INFO 32048 --- [testup-backend] [           main] .RepositoryConfigurationExtensionSupport : Spring Data Redis - Could not safely identify store assignment for repository candidate interface az.testup.repository.ExamSubjectRepository; If you want this repository to be a Redis repository, consider annotating your entities with one of these annotations: org.springframework.data.redis.core.RedisHash (preferred), or consider extending one of the following types with your repository: org.springframework.data.keyvalue.repository.KeyValueRepository
2026-05-17T00:46:48.705+04:00  INFO 32048 --- [testup-backend] [           main] .RepositoryConfigurationExtensionSupport : Spring Data Redis - Could not safely identify store assignment for repository candidate interface az.testup.repository.NotificationLogRepository; If you want this repository to be a Redis repository, consider annotating your entities with one of these annotations: org.springframework.data.redis.core.RedisHash (preferred), or consider extending one of the following types with your repository: org.springframework.data.keyvalue.repository.KeyValueRepository
2026-05-17T00:46:48.706+04:00  INFO 32048 --- [testup-backend] [           main] .RepositoryConfigurationExtensionSupport : Spring Data Redis - Could not safely identify store assignment for repository candidate interface az.testup.repository.NotificationRepository; If you want this repository to be a Redis repository, consider annotating your entities with one of these annotations: org.springframework.data.redis.core.RedisHash (preferred), or consider extending one of the following types with your repository: org.springframework.data.keyvalue.repository.KeyValueRepository
2026-05-17T00:46:48.706+04:00  INFO 32048 --- [testup-backend] [           main] .RepositoryConfigurationExtensionSupport : Spring Data Redis - Could not safely identify store assignment for repository candidate interface az.testup.repository.PassageRepository; If you want this repository to be a Redis repository, consider annotating your entities with one of these annotations: org.springframework.data.redis.core.RedisHash (preferred), or consider extending one of the following types with your repository: org.springframework.data.keyvalue.repository.KeyValueRepository
2026-05-17T00:46:48.707+04:00  INFO 32048 --- [testup-backend] [           main] .RepositoryConfigurationExtensionSupport : Spring Data Redis - Could not safely identify store assignment for repository candidate interface az.testup.repository.PaymentOrderRepository; If you want this repository to be a Redis repository, consider annotating your entities with one of these annotations: org.springframework.data.redis.core.RedisHash (preferred), or consider extending one of the following types with your repository: org.springframework.data.keyvalue.repository.KeyValueRepository
2026-05-17T00:46:48.707+04:00  INFO 32048 --- [testup-backend] [           main] .RepositoryConfigurationExtensionSupport : Spring Data Redis - Could not safely identify store assignment for repository candidate interface az.testup.repository.QuestionRepository; If you want this repository to be a Redis repository, consider annotating your entities with one of these annotations: org.springframework.data.redis.core.RedisHash (preferred), or consider extending one of the following types with your repository: org.springframework.data.keyvalue.repository.KeyValueRepository
2026-05-17T00:46:48.707+04:00  INFO 32048 --- [testup-backend] [           main] .RepositoryConfigurationExtensionSupport : Spring Data Redis - Could not safely identify store assignment for repository candidate interface az.testup.repository.StudentSavedExamRepository; If you want this repository to be a Redis repository, consider annotating your entities with one of these annotations: org.springframework.data.redis.core.RedisHash (preferred), or consider extending one of the following types with your repository: org.springframework.data.keyvalue.repository.KeyValueRepository
2026-05-17T00:46:48.708+04:00  INFO 32048 --- [testup-backend] [           main] .RepositoryConfigurationExtensionSupport : Spring Data Redis - Could not safely identify store assignment for repository candidate interface az.testup.repository.SubjectTopicRepository; If you want this repository to be a Redis repository, consider annotating your entities with one of these annotations: org.springframework.data.redis.core.RedisHash (preferred), or consider extending one of the following types with your repository: org.springframework.data.keyvalue.repository.KeyValueRepository
2026-05-17T00:46:48.708+04:00  INFO 32048 --- [testup-backend] [           main] .RepositoryConfigurationExtensionSupport : Spring Data Redis - Could not safely identify store assignment for repository candidate interface az.testup.repository.SubmissionRepository; If you want this repository to be a Redis repository, consider annotating your entities with one of these annotations: org.springframework.data.redis.core.RedisHash (preferred), or consider extending one of the following types with your repository: org.springframework.data.keyvalue.repository.KeyValueRepository
2026-05-17T00:46:48.708+04:00  INFO 32048 --- [testup-backend] [           main] .RepositoryConfigurationExtensionSupport : Spring Data Redis - Could not safely identify store assignment for repository candidate interface az.testup.repository.SubscriptionPlanRepository; If you want this repository to be a Redis repository, consider annotating your entities with one of these annotations: org.springframework.data.redis.core.RedisHash (preferred), or consider extending one of the following types with your repository: org.springframework.data.keyvalue.repository.KeyValueRepository
2026-05-17T00:46:48.708+04:00  INFO 32048 --- [testup-backend] [           main] .RepositoryConfigurationExtensionSupport : Spring Data Redis - Could not safely identify store assignment for repository candidate interface az.testup.repository.SubscriptionUsageRepository; If you want this repository to be a Redis repository, consider annotating your entities with one of these annotations: org.springframework.data.redis.core.RedisHash (preferred), or consider extending one of the following types with your repository: org.springframework.data.keyvalue.repository.KeyValueRepository
2026-05-17T00:46:48.709+04:00  INFO 32048 --- [testup-backend] [           main] .RepositoryConfigurationExtensionSupport : Spring Data Redis - Could not safely identify store assignment for repository candidate interface az.testup.repository.TagRepository; If you want this repository to be a Redis repository, consider annotating your entities with one of these annotations: org.springframework.data.redis.core.RedisHash (preferred), or consider extending one of the following types with your repository: org.springframework.data.keyvalue.repository.KeyValueRepository
2026-05-17T00:46:48.710+04:00  INFO 32048 --- [testup-backend] [           main] .RepositoryConfigurationExtensionSupport : Spring Data Redis - Could not safely identify store assignment for repository candidate interface az.testup.repository.TemplateRepository; If you want this repository to be a Redis repository, consider annotating your entities with one of these annotations: org.springframework.data.redis.core.RedisHash (preferred), or consider extending one of the following types with your repository: org.springframework.data.keyvalue.repository.KeyValueRepository
2026-05-17T00:46:48.710+04:00  INFO 32048 --- [testup-backend] [           main] .RepositoryConfigurationExtensionSupport : Spring Data Redis - Could not safely identify store assignment for repository candidate interface az.testup.repository.TemplateSectionRepository; If you want this repository to be a Redis repository, consider annotating your entities with one of these annotations: org.springframework.data.redis.core.RedisHash (preferred), or consider extending one of the following types with your repository: org.springframework.data.keyvalue.repository.KeyValueRepository
2026-05-17T00:46:48.710+04:00  INFO 32048 --- [testup-backend] [           main] .RepositoryConfigurationExtensionSupport : Spring Data Redis - Could not safely identify store assignment for repository candidate interface az.testup.repository.TemplateSectionTypeCountRepository; If you want this repository to be a Redis repository, consider annotating your entities with one of these annotations: org.springframework.data.redis.core.RedisHash (preferred), or consider extending one of the following types with your repository: org.springframework.data.keyvalue.repository.KeyValueRepository
2026-05-17T00:46:48.711+04:00  INFO 32048 --- [testup-backend] [           main] .RepositoryConfigurationExtensionSupport : Spring Data Redis - Could not safely identify store assignment for repository candidate interface az.testup.repository.TemplateSubtitleRepository; If you want this repository to be a Redis repository, consider annotating your entities with one of these annotations: org.springframework.data.redis.core.RedisHash (preferred), or consider extending one of the following types with your repository: org.springframework.data.keyvalue.repository.KeyValueRepository
2026-05-17T00:46:48.711+04:00  INFO 32048 --- [testup-backend] [           main] .RepositoryConfigurationExtensionSupport : Spring Data Redis - Could not safely identify store assignment for repository candidate interface az.testup.repository.UserRepository; If you want this repository to be a Redis repository, consider annotating your entities with one of these annotations: org.springframework.data.redis.core.RedisHash (preferred), or consider extending one of the following types with your repository: org.springframework.data.keyvalue.repository.KeyValueRepository
2026-05-17T00:46:48.712+04:00  INFO 32048 --- [testup-backend] [           main] .RepositoryConfigurationExtensionSupport : Spring Data Redis - Could not safely identify store assignment for repository candidate interface az.testup.repository.UserSubscriptionRepository; If you want this repository to be a Redis repository, consider annotating your entities with one of these annotations: org.springframework.data.redis.core.RedisHash (preferred), or consider extending one of the following types with your repository: org.springframework.data.keyvalue.repository.KeyValueRepository
2026-05-17T00:46:48.712+04:00  INFO 32048 --- [testup-backend] [           main] .s.d.r.c.RepositoryConfigurationDelegate : Finished Spring Data repository scanning in 27 ms. Found 0 Redis repository interfaces.
2026-05-17T00:46:50.706+04:00  INFO 32048 --- [testup-backend] [           main] o.s.b.w.embedded.tomcat.TomcatWebServer  : Tomcat initialized with port 8082 (http)
2026-05-17T00:46:50.722+04:00  INFO 32048 --- [testup-backend] [           main] o.apache.catalina.core.StandardService   : Starting service [Tomcat]
2026-05-17T00:46:50.724+04:00  INFO 32048 --- [testup-backend] [           main] o.apache.catalina.core.StandardEngine    : Starting Servlet engine: [Apache Tomcat/10.1.36]
2026-05-17T00:46:50.850+04:00  INFO 32048 --- [testup-backend] [           main] o.a.c.c.C.[Tomcat].[localhost].[/]       : Initializing Spring embedded WebApplicationContext
2026-05-17T00:46:50.852+04:00  INFO 32048 --- [testup-backend] [           main] w.s.c.ServletWebServerApplicationContext : Root WebApplicationContext: initialization completed in 3657 ms
2026-05-17T00:46:51.202+04:00  INFO 32048 --- [testup-backend] [           main] com.zaxxer.hikari.HikariDataSource       : HikariPool-1 - Starting...
2026-05-17T00:46:51.441+04:00  INFO 32048 --- [testup-backend] [           main] com.zaxxer.hikari.pool.HikariPool        : HikariPool-1 - Added connection org.postgresql.jdbc.PgConnection@2f9addd4
2026-05-17T00:46:51.444+04:00  INFO 32048 --- [testup-backend] [           main] com.zaxxer.hikari.HikariDataSource       : HikariPool-1 - Start completed.
2026-05-17T00:46:51.561+04:00  INFO 32048 --- [testup-backend] [           main] org.flywaydb.core.FlywayExecutor         : Database: jdbc:postgresql://localhost:5433/testup_db (PostgreSQL 16.11)
2026-05-17T00:46:51.830+04:00  INFO 32048 --- [testup-backend] [           main] o.f.core.internal.command.DbMigrate      : Current version of schema "public": 16
2026-05-17T00:46:51.832+04:00  WARN 32048 --- [testup-backend] [           main] o.f.core.internal.command.DbMigrate      : outOfOrder mode is active. Migration of schema "public" may not be reproducible.
2026-05-17T00:46:51.877+04:00  INFO 32048 --- [testup-backend] [           main] o.f.core.internal.command.DbMigrate      : Migrating schema "public" to version "17 - banner scheduling and tracking"
2026-05-17T00:46:51.963+04:00  INFO 32048 --- [testup-backend] [           main] o.f.core.internal.command.DbMigrate      : Successfully applied 1 migration to schema "public", now at version v17 (execution time 00:00.052s)
2026-05-17T00:46:52.161+04:00  INFO 32048 --- [testup-backend] [           main] o.hibernate.jpa.internal.util.LogHelper  : HHH000204: Processing PersistenceUnitInfo [name: default]
2026-05-17T00:46:52.232+04:00  INFO 32048 --- [testup-backend] [           main] org.hibernate.Version                    : HHH000412: Hibernate ORM core version 6.6.8.Final
2026-05-17T00:46:52.277+04:00  INFO 32048 --- [testup-backend] [           main] o.h.c.internal.RegionFactoryInitiator    : HHH000026: Second-level cache disabled
2026-05-17T00:46:52.595+04:00  INFO 32048 --- [testup-backend] [           main] o.s.o.j.p.SpringPersistenceUnitInfo      : No LoadTimeWeaver setup: ignoring JPA class transformer
2026-05-17T00:46:52.715+04:00  WARN 32048 --- [testup-backend] [           main] org.hibernate.orm.deprecation            : HHH90000025: PostgreSQLDialect does not need to be specified explicitly using 'hibernate.dialect' (remove the property setting and it will be selected by default)
2026-05-17T00:46:52.746+04:00  INFO 32048 --- [testup-backend] [           main] org.hibernate.orm.connections.pooling    : HHH10001005: Database info:
	Database JDBC URL [Connecting through datasource 'HikariDataSource (HikariPool-1)']
	Database driver: undefined/unknown
	Database version: 16.11
	Autocommit mode: undefined/unknown
	Isolation level: undefined/unknown
	Minimum pool size: undefined/unknown
	Maximum pool size: undefined/unknown
2026-05-17T00:46:55.453+04:00  INFO 32048 --- [testup-backend] [           main] o.h.e.t.j.p.i.JtaPlatformInitiator       : HHH000489: No JTA platform available (set 'hibernate.transaction.jta.platform' to enable JTA platform integration)
2026-05-17T00:46:55.554+04:00  INFO 32048 --- [testup-backend] [           main] j.LocalContainerEntityManagerFactoryBean : Initialized JPA EntityManagerFactory for persistence unit 'default'
2026-05-17T00:46:56.666+04:00  INFO 32048 --- [testup-backend] [           main] o.s.d.j.r.query.QueryEnhancerFactory     : Hibernate is in classpath; If applicable, HQL parser will be used.
2026-05-17T00:46:59.479+04:00  INFO 32048 --- [testup-backend] [           main] az.testup.config.DatabaseConfig          : Checking and fixing database constraints for MULTI_SELECT...
2026-05-17T00:46:59.498+04:00  INFO 32048 --- [testup-backend] [           main] az.testup.config.DatabaseConfig          : Checking and fixing answer foreign key to support question deletion (ON DELETE CASCADE)...
2026-05-17T00:46:59.511+04:00  INFO 32048 --- [testup-backend] [           main] az.testup.config.DatabaseConfig          : Updating foreign key fk3erw1a3t0r78st8ty27x6v3g1 to ON DELETE CASCADE
2026-05-17T00:46:59.533+04:00  INFO 32048 --- [testup-backend] [           main] az.testup.config.DatabaseConfig          : Answer foreign key fix completed successfully.
2026-05-17T00:47:03.820+04:00  WARN 32048 --- [testup-backend] [           main] JpaBaseConfiguration$JpaWebConfiguration : spring.jpa.open-in-view is enabled by default. Therefore, database queries may be performed during view rendering. Explicitly configure spring.jpa.open-in-view to disable this warning
2026-05-17T00:47:03.861+04:00  INFO 32048 --- [testup-backend] [           main] r$InitializeUserDetailsManagerConfigurer : Global AuthenticationManager configured with UserDetailsService bean with name customUserDetailsService
2026-05-17T00:47:05.605+04:00  INFO 32048 --- [testup-backend] [           main] o.s.m.s.b.SimpleBrokerMessageHandler     : Starting...
2026-05-17T00:47:05.605+04:00  INFO 32048 --- [testup-backend] [           main] o.s.m.s.b.SimpleBrokerMessageHandler     : BrokerAvailabilityEvent[available=true, SimpleBrokerMessageHandler [org.springframework.messaging.simp.broker.DefaultSubscriptionRegistry@2a27be1]]
2026-05-17T00:47:05.607+04:00  INFO 32048 --- [testup-backend] [           main] o.s.m.s.b.SimpleBrokerMessageHandler     : Started.
2026-05-17T00:47:05.636+04:00  INFO 32048 --- [testup-backend] [           main] o.s.b.w.embedded.tomcat.TomcatWebServer  : Tomcat started on port 8082 (http) with context path '/'
2026-05-17T00:47:05.653+04:00  INFO 32048 --- [testup-backend] [           main] az.testup.TestupApplication              : Started TestupApplication in 18.82 seconds (process running for 19.106)
2026-05-17T00:47:06.072+04:00  INFO 32048 --- [testup-backend] [MessageBroker-2] a.t.scheduler.SubscriptionScheduler      : Payment recovery: checking 1 stuck order(s)
2026-05-17T00:47:06.458+04:00  INFO 32048 --- [testup-backend] [           main] az.testup.config.DataSeeder              : Fənn mövzuları yoxlanıldı (15 fənn)
2026-05-17T00:47:06.947+04:00  INFO 32048 --- [testup-backend] [           main] az.testup.config.DataSeeder              : Bannerlər yoxlanıldı/yeniləndi
TestupApplication started successfully!
